<?xml version="1.0" ?>
<!DOCTYPE coverage
  SYSTEM 'http://cobertura.sourceforge.net/xml/coverage-03.dtd'>
<coverage branch-rate="0.0" line-rate="1.0" timestamp="1420619067" version="gcovr 2.4 (r2774)">
	<sources>
		<source>.</source>
	</sources>
	<packages>
		<package branch-rate="0.0" complexity="0.0" line-rate="1.0" name="">
			<classes>
				<class branch-rate="0.0" complexity="0.0" filename="module2.cc" line-rate="1.0" name="module2_cc">
					<lines>
						<line branch="false" hits="1" number="1"/>
						<line branch="false" hits="1" number="2"/>
						<line branch="false" hits="1" number="5"/>
					</lines>
				</class>
				<class branch-rate="0.0" complexity="0.0" filename="tst.cc" line-rate="1.0" name="tst_cc">
					<lines>
						<line branch="false" hits="1" number="2"/>
						<line branch="false" hits="1" number="3"/>
						<line branch="false" hits="1" number="4"/>
					</lines>
				</class>
			</classes>
		</package>
	</packages>
</coverage>

