<?xml version="1.0" ?>
<!DOCTYPE coverage
  SYSTEM 'http://cobertura.sourceforge.net/xml/coverage-03.dtd'>
<coverage branch-rate="0.5" line-rate="1.0" timestamp="1420617997" version="gcovr 2.4 (r2774)">
	<sources>
		<source>.</source>
	</sources>
	<packages>
		<package branch-rate="0.0" complexity="0.0" line-rate="1.0" name=".home.wenns.src.sonar-cxx.integration-tests.testdata.multimodule_project_1.lib">
			<classes>
				<class branch-rate="0.0" complexity="0.0" filename="/home/wenns/src/sonar-cxx/integration-tests/testdata/multimodule_project_1/lib/component1.cc" line-rate="1.0" name="component1_cc">
					<lines>
						<line branch="false" hits="1" number="3"/>
						<line branch="false" hits="1" number="4"/>
						<line branch="false" hits="1" number="7"/>
					</lines>
				</class>
			</classes>
		</package>
		<package branch-rate="0.5" complexity="0.0" line-rate="1.0" name=".home.wenns.src.sonar-cxx.integration-tests.testdata.multimodule_project_1.cli">
			<classes>
				<class branch-rate="0.5" complexity="0.0" filename="/home/wenns/src/sonar-cxx/integration-tests/testdata/multimodule_project_1/cli/main.cc" line-rate="1.0" name="main_cc">
					<lines>
						<line branch="false" hits="1" number="3"/>
						<line branch="true" condition-coverage="50% (1/2)" hits="1" number="6">
							<conditions>
								<condition coverage="50%" number="0" type="jump"/>
							</conditions>
						</line>
						<line branch="false" hits="1" number="7"/>
					</lines>
				</class>
			</classes>
		</package>
	</packages>
</coverage>

